<?xml version="1.0" encoding="UTF-8"?>
<!-- Generated by org.testng.reporters.JUnitXMLReporter -->
<testsuite hostname="VISHALKA-LT" ignored="0" name="Test" tests="6" failures="0" timestamp="23 Apr 2021 12:31:49 GMT" time="0.044" errors="0">
  <testcase name="restApiTestMethod1" time="0.008" classname="com.vishal.project.MavenProject.RestApiTest"/>
  <testcase name="restApiTestMethod2" time="0.001" classname="com.vishal.project.MavenProject.RestApiTest"/>
  <testcase name="appiumTestMethod1" time="0.001" classname="com.vishal.project.MavenProject.AppiumTest"/>
  <testcase name="appiumTestMethod2" time="0.001" classname="com.vishal.project.MavenProject.AppiumTest"/>
  <testcase name="seleniumTestMethod1" time="0.001" classname="com.vishal.project.MavenProject.SeleniumTest"/>
  <testcase name="seleniumTestMethod2" time="0.001" classname="com.vishal.project.MavenProject.SeleniumTest"/>
</testsuite> <!-- Test -->
