<?xml version="1.0" encoding="UTF-8"?>
<testng-results skipped="0" failed="0" ignored="0" total="1" passed="1">
  <reporter-output>
  </reporter-output>
  <suite name="Default suite" duration-ms="542" started-at="2021-04-26T09:06:53Z" finished-at="2021-04-26T09:06:53Z">
    <groups>
    </groups>
    <test name="Default test" duration-ms="542" started-at="2021-04-26T09:06:53Z" finished-at="2021-04-26T09:06:53Z">
      <class name="com.vishal.project.MavenProject.ExcelReadWrite">
        <test-method status="PASS" signature="excelRead()[pri:0, instance:com.vishal.project.MavenProject.ExcelReadWrite@72d818d1]" name="excelRead" duration-ms="526" started-at="2021-04-26T14:36:53Z" finished-at="2021-04-26T14:36:53Z">
          <reporter-output>
          </reporter-output>
        </test-method> <!-- excelRead -->
      </class> <!-- com.vishal.project.MavenProject.ExcelReadWrite -->
    </test> <!-- Default test -->
  </suite> <!-- Default suite -->
</testng-results>
